This file contains any messages produced by compilers while
running configure, to aid debugging if configure makes a mistake.

It was created by configure, which was
generated by GNU Autoconf 2.69.  Invocation command line was

  $ ./configure 

## --------- ##
## Platform. ##
## --------- ##

hostname = linux-cy9o.site
uname -m = x86_64
uname -r = 4.1.15-8-pv
uname -s = Linux
uname -v = #1 SMP Wed Jan 20 16:41:00 UTC 2016 (0e3b3ab)

/usr/bin/uname -p = x86_64
/bin/uname -X     = unknown

/bin/arch              = x86_64
/usr/bin/arch -k       = unknown
/usr/convex/getsysinfo = unknown
/usr/bin/hostinfo      = unknown
/bin/machine           = unknown
/usr/bin/oslevel       = unknown
/bin/universe          = unknown

PATH: /usr/local/sublime_text_3
PATH: /usr/local/VSCode-linux-x64
PATH: /usr/local/bin
PATH: /usr/bin
PATH: /sbin
PATH: /usr/sbin
PATH: /bin
PATH: /usr/bin/X11
PATH: /usr/games
PATH: /opt/kde3/bin
PATH: /usr/lib/mit/bin
PATH: /usr/lib/mit/sbin
PATH: /usr/lib/qt3/bin


## ----------- ##
## Core tests. ##
## ----------- ##

configure:2284: loading site script /usr/share/site/x86_64-unknown-linux-gnu
| #!/bin/sh
| # Site script for configure. It is resourced via $CONFIG_SITE environment varaible.
| 
| # If user did not specify libdir, guess the correct target:
| # Use lib64 for 64 bit bi-arch targets, keep the default for the rest.
| if test "$libdir" = '${exec_prefix}/lib' ; then
| 
| 	ac_config_site_64bit_host=NONE
| 
| 	case "$host" in
| 	"" )
| 		# User did not specify host target.
| 		# The native platform x86_64 is a bi-arch platform.
| 		# Try to detect cross-compilation to inferior architecture.
| 
| 		# We are trying to guess 32-bit target compilation. It's not as easy as
| 		# it sounds, as there is possible several intermediate combinations.
| 		ac_config_site_cross_to_32bit_host=NONE
| 
| 		# User defined -m32 in CFLAGS or CXXFLAGS or CC or CXX:
| 		# (It's sufficient for 32-bit, but alone may cause mis-behavior of some checks.)
| 		case "$CFLAGS $CXXFLAGS $CC $CXX" in
| 		*-m32*)
| 			ac_config_site_cross_to_32bit_host=YES
| 			;;
| 		esac
| 
| 		# Running with linux32:
| 		# (Changes detected platform, but not the toolchain target.)
| 		case "`/bin/uname -i`" in
| 		x86_64 | ppc64 | s390x )
| 			;;
| 		* )
| 			ac_config_site_cross_to_32bit_host=YES
| 			;;
| 		esac
| 
| 		if test "x$ac_config_site_cross_to_32bit_host" = xNONE; then
| 			ac_config_site_64bit_host=YES
| 		fi
| 
| 		;;
| 	*x86_64* | *ppc64* | *s390x* )
| 		ac_config_site_64bit_host=YES
| 		;;
| 	esac
| 
| 	if test "x$ac_config_site_64bit_host" = xYES; then
| 		libdir='${exec_prefix}/lib64'
| 	fi
| fi
| 
| # If user did not specify libexecdir, set the correct target:
| # Nor FHS nor openSUSE allow prefix/libexec. Let's default to prefix/lib.
| 
| if test "$libexecdir" = '${exec_prefix}/libexec' ; then
| 	libexecdir='${exec_prefix}/lib'
| fi
| 
| # Continue with the standard behavior of configure defined in AC_SITE_LOAD:
| if test "x$prefix" != xNONE; then
| 	ac_site_file1=$prefix/share/config.site
| 	ac_site_file2=$prefix/etc/config.site
| else
| 	ac_site_file1=$ac_default_prefix/share/config.site
| 	ac_site_file2=$ac_default_prefix/etc/config.site
| fi
| for ac_site_file in "$ac_site_file1" "$ac_site_file2"
| do
| 	test "x$ac_site_file" = xNONE && continue
| 	if test /dev/null != "$ac_site_file" && test -r "$ac_site_file"; then
| 		{ $as_echo "/usr/share/site/x86_64-unknown-linux-gnu:${as_lineno-$LINENO}: loading site script $ac_site_file" >&5
| $as_echo "/usr/share/site/x86_64-unknown-linux-gnu: loading site script $ac_site_file" >&6;}
| 		sed 's/^/| /' "$ac_site_file" >&5
| 		. "$ac_site_file" \
| 			|| { { $as_echo "/usr/share/site/x86_64-unknown-linux-gnu:${as_lineno-$LINENO}: error: in \`$ac_pwd':" >&5
| $as_echo "/usr/share/site/x86_64-unknown-linux-gnu: error: in \`$ac_pwd':" >&2;}
| as_fn_error $? "failed to load site script $ac_site_file
| See \`config.log' for more details" "$LINENO" 5; }
| 	fi
| done
configure:2382: checking whether NLS is requested
configure:2391: result: yes
configure:2475: checking build system type
configure:2489: result: x86_64-unknown-linux-gnu
configure:2509: checking host system type
configure:2522: result: x86_64-unknown-linux-gnu
configure:2590: checking for gcc
configure:2606: found /usr/bin/gcc
configure:2617: result: gcc
configure:2846: checking for C compiler version
configure:2855: gcc --version >&5
gcc (SUSE Linux) 4.8.5
Copyright (C) 2015 Free Software Foundation, Inc.
This is free software; see the source for copying conditions.  There is NO
warranty; not even for MERCHANTABILITY or FITNESS FOR A PARTICULAR PURPOSE.

configure:2866: $? = 0
configure:2855: gcc -v >&5
Using built-in specs.
COLLECT_GCC=gcc
COLLECT_LTO_WRAPPER=/usr/lib64/gcc/x86_64-suse-linux/4.8/lto-wrapper
Target: x86_64-suse-linux
Configured with: ../configure --prefix=/usr --infodir=/usr/share/info --mandir=/usr/share/man --libdir=/usr/lib64 --libexecdir=/usr/lib64 --enable-languages=c,c++,objc,fortran,obj-c++,java,ada --enable-checking=release --with-gxx-include-dir=/usr/include/c++/4.8 --enable-ssp --disable-libssp --disable-plugin --with-bugurl=http://bugs.opensuse.org/ --with-pkgversion='SUSE Linux' --disable-libgcj --disable-libmudflap --with-slibdir=/lib64 --with-system-zlib --enable-__cxa_atexit --enable-libstdcxx-allocator=new --disable-libstdcxx-pch --enable-version-specific-runtime-libs --enable-linker-build-id --enable-linux-futex --program-suffix=-4.8 --without-system-libunwind --with-arch-32=i586 --with-tune=generic --build=x86_64-suse-linux --host=x86_64-suse-linux
Thread model: posix
gcc version 4.8.5 (SUSE Linux) 
configure:2866: $? = 0
configure:2855: gcc -V >&5
gcc: error: unrecognized command line option '-V'
gcc: fatal error: no input files
compilation terminated.
configure:2866: $? = 1
configure:2855: gcc -qversion >&5
gcc: error: unrecognized command line option '-qversion'
gcc: fatal error: no input files
compilation terminated.
configure:2866: $? = 1
configure:2886: checking whether the C compiler works
configure:2908: gcc    conftest.c  >&5
configure:2912: $? = 0
configure:2960: result: yes
configure:2963: checking for C compiler default output file name
configure:2965: result: a.out
configure:2971: checking for suffix of executables
configure:2978: gcc -o conftest    conftest.c  >&5
configure:2982: $? = 0
configure:3004: result: 
configure:3026: checking whether we are cross compiling
configure:3034: gcc -o conftest    conftest.c  >&5
configure:3038: $? = 0
configure:3045: ./conftest
configure:3049: $? = 0
configure:3064: result: no
configure:3069: checking for suffix of object files
configure:3091: gcc -c   conftest.c >&5
configure:3095: $? = 0
configure:3116: result: o
configure:3120: checking whether we are using the GNU C compiler
configure:3139: gcc -c   conftest.c >&5
configure:3139: $? = 0
configure:3148: result: yes
configure:3157: checking whether gcc accepts -g
configure:3177: gcc -c -g  conftest.c >&5
configure:3177: $? = 0
configure:3218: result: yes
configure:3235: checking for gcc option to accept ISO C89
configure:3298: gcc  -c -g -O2  conftest.c >&5
configure:3298: $? = 0
configure:3311: result: none needed
configure:3332: checking for inline
configure:3348: gcc -c -g -O2  conftest.c >&5
configure:3348: $? = 0
configure:3356: result: inline
configure:3423: checking for gcc
configure:3450: result: gcc
configure:3679: checking for C compiler version
configure:3688: gcc --version >&5
gcc (SUSE Linux) 4.8.5
Copyright (C) 2015 Free Software Foundation, Inc.
This is free software; see the source for copying conditions.  There is NO
warranty; not even for MERCHANTABILITY or FITNESS FOR A PARTICULAR PURPOSE.

configure:3699: $? = 0
configure:3688: gcc -v >&5
Using built-in specs.
COLLECT_GCC=gcc
COLLECT_LTO_WRAPPER=/usr/lib64/gcc/x86_64-suse-linux/4.8/lto-wrapper
Target: x86_64-suse-linux
Configured with: ../configure --prefix=/usr --infodir=/usr/share/info --mandir=/usr/share/man --libdir=/usr/lib64 --libexecdir=/usr/lib64 --enable-languages=c,c++,objc,fortran,obj-c++,java,ada --enable-checking=release --with-gxx-include-dir=/usr/include/c++/4.8 --enable-ssp --disable-libssp --disable-plugin --with-bugurl=http://bugs.opensuse.org/ --with-pkgversion='SUSE Linux' --disable-libgcj --disable-libmudflap --with-slibdir=/lib64 --with-system-zlib --enable-__cxa_atexit --enable-libstdcxx-allocator=new --disable-libstdcxx-pch --enable-version-specific-runtime-libs --enable-linker-build-id --enable-linux-futex --program-suffix=-4.8 --without-system-libunwind --with-arch-32=i586 --with-tune=generic --build=x86_64-suse-linux --host=x86_64-suse-linux
Thread model: posix
gcc version 4.8.5 (SUSE Linux) 
configure:3699: $? = 0
configure:3688: gcc -V >&5
gcc: error: unrecognized command line option '-V'
gcc: fatal error: no input files
compilation terminated.
configure:3699: $? = 1
configure:3688: gcc -qversion >&5
gcc: error: unrecognized command line option '-qversion'
gcc: fatal error: no input files
compilation terminated.
configure:3699: $? = 1
configure:3703: checking whether we are using the GNU C compiler
configure:3731: result: yes
configure:3740: checking whether gcc accepts -g
configure:3801: result: yes
configure:3818: checking for gcc option to accept ISO C89
configure:3894: result: none needed
configure:3972: checking for g++
configure:3988: found /usr/bin/g++
configure:3999: result: g++
configure:4026: checking for C++ compiler version
configure:4035: g++ --version >&5
g++ (SUSE Linux) 4.8.5
Copyright (C) 2015 Free Software Foundation, Inc.
This is free software; see the source for copying conditions.  There is NO
warranty; not even for MERCHANTABILITY or FITNESS FOR A PARTICULAR PURPOSE.

configure:4046: $? = 0
configure:4035: g++ -v >&5
Using built-in specs.
COLLECT_GCC=g++
COLLECT_LTO_WRAPPER=/usr/lib64/gcc/x86_64-suse-linux/4.8/lto-wrapper
Target: x86_64-suse-linux
Configured with: ../configure --prefix=/usr --infodir=/usr/share/info --mandir=/usr/share/man --libdir=/usr/lib64 --libexecdir=/usr/lib64 --enable-languages=c,c++,objc,fortran,obj-c++,java,ada --enable-checking=release --with-gxx-include-dir=/usr/include/c++/4.8 --enable-ssp --disable-libssp --disable-plugin --with-bugurl=http://bugs.opensuse.org/ --with-pkgversion='SUSE Linux' --disable-libgcj --disable-libmudflap --with-slibdir=/lib64 --with-system-zlib --enable-__cxa_atexit --enable-libstdcxx-allocator=new --disable-libstdcxx-pch --enable-version-specific-runtime-libs --enable-linker-build-id --enable-linux-futex --program-suffix=-4.8 --without-system-libunwind --with-arch-32=i586 --with-tune=generic --build=x86_64-suse-linux --host=x86_64-suse-linux
Thread model: posix
gcc version 4.8.5 (SUSE Linux) 
configure:4046: $? = 0
configure:4035: g++ -V >&5
g++: error: unrecognized command line option '-V'
g++: fatal error: no input files
compilation terminated.
configure:4046: $? = 1
configure:4035: g++ -qversion >&5
g++: error: unrecognized command line option '-qversion'
g++: fatal error: no input files
compilation terminated.
configure:4046: $? = 1
configure:4050: checking whether we are using the GNU C++ compiler
configure:4069: g++ -c   conftest.cpp >&5
configure:4069: $? = 0
configure:4078: result: yes
configure:4087: checking whether g++ accepts -g
configure:4107: g++ -c -g  conftest.cpp >&5
configure:4107: $? = 0
configure:4148: result: yes
configure:4214: checking for ranlib
configure:4230: found /usr/bin/ranlib
configure:4241: result: ranlib
configure:4277: checking for a BSD-compatible install
configure:4345: result: /usr/bin/install -c
configure:4360: checking for gawk
configure:4376: found /usr/bin/gawk
configure:4387: result: gawk
configure:4407: checking for __func__
configure:4423: gcc -c -g -O2  conftest.c >&5
configure:4423: $? = 0
configure:4430: result: yes
configure:4515: checking for strip
configure:4533: found /usr/bin/strip
configure:4545: result: /usr/bin/strip
configure:4919: checking how to run the C preprocessor
configure:4950: gcc -E  conftest.c
configure:4950: $? = 0
configure:4964: gcc -E  conftest.c
conftest.c:10:28: fatal error: ac_nonexistent.h: No such file or directory
 #include <ac_nonexistent.h>
                            ^
compilation terminated.
configure:4964: $? = 1
configure: failed program was:
| /* confdefs.h */
| #define PACKAGE_NAME ""
| #define PACKAGE_TARNAME ""
| #define PACKAGE_VERSION ""
| #define PACKAGE_STRING ""
| #define PACKAGE_BUGREPORT ""
| #define PACKAGE_URL ""
| #define LINUX 1
| /* end confdefs.h.  */
| #include <ac_nonexistent.h>
configure:4989: result: gcc -E
configure:5009: gcc -E  conftest.c
configure:5009: $? = 0
configure:5023: gcc -E  conftest.c
conftest.c:10:28: fatal error: ac_nonexistent.h: No such file or directory
 #include <ac_nonexistent.h>
                            ^
compilation terminated.
configure:5023: $? = 1
configure: failed program was:
| /* confdefs.h */
| #define PACKAGE_NAME ""
| #define PACKAGE_TARNAME ""
| #define PACKAGE_VERSION ""
| #define PACKAGE_STRING ""
| #define PACKAGE_BUGREPORT ""
| #define PACKAGE_URL ""
| #define LINUX 1
| /* end confdefs.h.  */
| #include <ac_nonexistent.h>
configure:5052: checking for grep that handles long lines and -e
configure:5110: result: /usr/bin/grep
configure:5115: checking for egrep
configure:5177: result: /usr/bin/grep -E
configure:5182: checking for ANSI C header files
configure:5202: gcc -c -g -O2  conftest.c >&5
configure:5202: $? = 0
configure:5275: gcc -o conftest -g -O2  -Wl,-E  conftest.c  >&5
configure:5275: $? = 0
configure:5275: ./conftest
configure:5275: $? = 0
configure:5286: result: yes
configure:5299: checking for sys/types.h
configure:5299: gcc -c -g -O2  conftest.c >&5
configure:5299: $? = 0
configure:5299: result: yes
configure:5299: checking for sys/stat.h
configure:5299: gcc -c -g -O2  conftest.c >&5
configure:5299: $? = 0
configure:5299: result: yes
configure:5299: checking for stdlib.h
configure:5299: gcc -c -g -O2  conftest.c >&5
configure:5299: $? = 0
configure:5299: result: yes
configure:5299: checking for string.h
configure:5299: gcc -c -g -O2  conftest.c >&5
configure:5299: $? = 0
configure:5299: result: yes
configure:5299: checking for memory.h
configure:5299: gcc -c -g -O2  conftest.c >&5
configure:5299: $? = 0
configure:5299: result: yes
configure:5299: checking for strings.h
configure:5299: gcc -c -g -O2  conftest.c >&5
configure:5299: $? = 0
configure:5299: result: yes
configure:5299: checking for inttypes.h
configure:5299: gcc -c -g -O2  conftest.c >&5
configure:5299: $? = 0
configure:5299: result: yes
configure:5299: checking for stdint.h
configure:5299: gcc -c -g -O2  conftest.c >&5
configure:5299: $? = 0
configure:5299: result: yes
configure:5299: checking for unistd.h
configure:5299: gcc -c -g -O2  conftest.c >&5
configure:5299: $? = 0
configure:5299: result: yes
configure:5314: checking pwd.h usability
configure:5314: gcc -c -g -O2  conftest.c >&5
configure:5314: $? = 0
configure:5314: result: yes
configure:5314: checking pwd.h presence
configure:5314: gcc -E  conftest.c
configure:5314: $? = 0
configure:5314: result: yes
configure:5314: checking for pwd.h
configure:5314: result: yes
configure:5314: checking termios.h usability
configure:5314: gcc -c -g -O2  conftest.c >&5
configure:5314: $? = 0
configure:5314: result: yes
configure:5314: checking termios.h presence
configure:5314: gcc -E  conftest.c
configure:5314: $? = 0
configure:5314: result: yes
configure:5314: checking for termios.h
configure:5314: result: yes
configure:5314: checking sys/sockio.h usability
configure:5314: gcc -c -g -O2  conftest.c >&5
conftest.c:55:24: fatal error: sys/sockio.h: No such file or directory
 #include <sys/sockio.h>
                        ^
compilation terminated.
configure:5314: $? = 1
configure: failed program was:
| /* confdefs.h */
| #define PACKAGE_NAME ""
| #define PACKAGE_TARNAME ""
| #define PACKAGE_VERSION ""
| #define PACKAGE_STRING ""
| #define PACKAGE_BUGREPORT ""
| #define PACKAGE_URL ""
| #define LINUX 1
| #define STDC_HEADERS 1
| #define HAVE_SYS_TYPES_H 1
| #define HAVE_SYS_STAT_H 1
| #define HAVE_STDLIB_H 1
| #define HAVE_STRING_H 1
| #define HAVE_MEMORY_H 1
| #define HAVE_STRINGS_H 1
| #define HAVE_INTTYPES_H 1
| #define HAVE_STDINT_H 1
| #define HAVE_UNISTD_H 1
| #define HAVE_PWD_H 1
| #define HAVE_TERMIOS_H 1
| /* end confdefs.h.  */
| #include <stdio.h>
| #ifdef HAVE_SYS_TYPES_H
| # include <sys/types.h>
| #endif
| #ifdef HAVE_SYS_STAT_H
| # include <sys/stat.h>
| #endif
| #ifdef STDC_HEADERS
| # include <stdlib.h>
| # include <stddef.h>
| #else
| # ifdef HAVE_STDLIB_H
| #  include <stdlib.h>
| # endif
| #endif
| #ifdef HAVE_STRING_H
| # if !defined STDC_HEADERS && defined HAVE_MEMORY_H
| #  include <memory.h>
| # endif
| # include <string.h>
| #endif
| #ifdef HAVE_STRINGS_H
| # include <strings.h>
| #endif
| #ifdef HAVE_INTTYPES_H
| # include <inttypes.h>
| #endif
| #ifdef HAVE_STDINT_H
| # include <stdint.h>
| #endif
| #ifdef HAVE_UNISTD_H
| # include <unistd.h>
| #endif
| #include <sys/sockio.h>
configure:5314: result: no
configure:5314: checking sys/sockio.h presence
configure:5314: gcc -E  conftest.c
conftest.c:22:24: fatal error: sys/sockio.h: No such file or directory
 #include <sys/sockio.h>
                        ^
compilation terminated.
configure:5314: $? = 1
configure: failed program was:
| /* confdefs.h */
| #define PACKAGE_NAME ""
| #define PACKAGE_TARNAME ""
| #define PACKAGE_VERSION ""
| #define PACKAGE_STRING ""
| #define PACKAGE_BUGREPORT ""
| #define PACKAGE_URL ""
| #define LINUX 1
| #define STDC_HEADERS 1
| #define HAVE_SYS_TYPES_H 1
| #define HAVE_SYS_STAT_H 1
| #define HAVE_STDLIB_H 1
| #define HAVE_STRING_H 1
| #define HAVE_MEMORY_H 1
| #define HAVE_STRINGS_H 1
| #define HAVE_INTTYPES_H 1
| #define HAVE_STDINT_H 1
| #define HAVE_UNISTD_H 1
| #define HAVE_PWD_H 1
| #define HAVE_TERMIOS_H 1
| /* end confdefs.h.  */
| #include <sys/sockio.h>
configure:5314: result: no
configure:5314: checking for sys/sockio.h
configure:5314: result: no
configure:5326: checking for linux/rtnetlink.h
configure:5326: gcc -c -g -O2  conftest.c >&5
configure:5326: $? = 0
configure:5326: result: yes
configure:5339: checking sys/socket.h usability
configure:5339: gcc -c -g -O2  conftest.c >&5
configure:5339: $? = 0
configure:5339: result: yes
configure:5339: checking sys/socket.h presence
configure:5339: gcc -E  conftest.c
configure:5339: $? = 0
configure:5339: result: yes
configure:5339: checking for sys/socket.h
configure:5339: result: yes
configure:5351: checking for net/if.h
configure:5351: gcc -c -g -O2  conftest.c >&5
configure:5351: $? = 0
configure:5351: result: yes
configure:5375: checking for library containing setsockopt
configure:5406: gcc -o conftest -g -O2  -Wl,-E  conftest.c  >&5
configure:5406: $? = 0
configure:5423: result: none required
configure:5431: checking for library containing gethostbyname
configure:5462: gcc -o conftest -g -O2  -Wl,-E  conftest.c  >&5
configure:5462: $? = 0
configure:5479: result: none required
configure:5489: checking if AF_INET6 IPPROTO_RAW sockets include the packet header
configure:5497: result: yes
configure:5541: checking for a Python interpreter with version >= 2.4
configure:5558: python2 -c import sys # split strings by '.' and convert to numeric. Append some zeros # because we need at least 4 digits for the hex conversion. # map returns an iterator in Python 3.0 and a list in 2.x minver = list(map(int, '2.4'.split('.'))) + [0, 0, 0] minverhex = 0 # xrange is not present in Python 3.0 and range returns an iterator for i in list(range(0, 4)): minverhex = (minverhex << 8) + minver[i] sys.exit(sys.hexversion < minverhex)
configure:5561: $? = 0
configure:5567: result: python2
configure:5575: checking for python2
configure:5593: found /usr/bin/python2
configure:5605: result: /usr/bin/python2
configure:5623: checking for python2 version
configure:5630: result: 2.7
configure:5642: checking for python2 platform
configure:5649: result: linux2
configure:5656: checking for python2 script directory
configure:5684: result: ${prefix}/lib/python2.7/site-packages
configure:5693: checking for python2 extension module directory
configure:5721: result: ${exec_prefix}/lib64/python2.7/site-packages
configure:5900: checking openssl/ssl.h usability
configure:5900: gcc -c -g -O2  conftest.c >&5
configure:5900: $? = 0
configure:5900: result: yes
configure:5900: checking openssl/ssl.h presence
configure:5900: gcc -E  conftest.c
configure:5900: $? = 0
configure:5900: result: yes
configure:5900: checking for openssl/ssl.h
configure:5900: result: yes
configure:5917: checking for BIO_int_ctrl in -lcrypto
configure:5942: gcc -o conftest -g -O2  -Wl,-E  conftest.c -lcrypto   >&5
configure:5942: $? = 0
configure:5951: result: yes
configure:5968: checking for SSL_new in -lssl
configure:5993: gcc -o conftest -g -O2  -Wl,-E  conftest.c -lssl  -lcrypto   >&5
configure:5993: $? = 0
configure:6002: result: yes
configure:6041: checking pcap.h usability
configure:6041: gcc -c -g -O2  conftest.c >&5
conftest.c:60:18: fatal error: pcap.h: No such file or directory
 #include <pcap.h>
                  ^
compilation terminated.
configure:6041: $? = 1
configure: failed program was:
| /* confdefs.h */
| #define PACKAGE_NAME ""
| #define PACKAGE_TARNAME ""
| #define PACKAGE_VERSION ""
| #define PACKAGE_STRING ""
| #define PACKAGE_BUGREPORT ""
| #define PACKAGE_URL ""
| #define LINUX 1
| #define STDC_HEADERS 1
| #define HAVE_SYS_TYPES_H 1
| #define HAVE_SYS_STAT_H 1
| #define HAVE_STDLIB_H 1
| #define HAVE_STRING_H 1
| #define HAVE_MEMORY_H 1
| #define HAVE_STRINGS_H 1
| #define HAVE_INTTYPES_H 1
| #define HAVE_STDINT_H 1
| #define HAVE_UNISTD_H 1
| #define HAVE_PWD_H 1
| #define HAVE_TERMIOS_H 1
| #define HAVE_LINUX_RTNETLINK_H 1
| #define HAVE_SYS_SOCKET_H 1
| #define HAVE_NET_IF_H 1
| #define HAVE_IPV6_IPPROTO_RAW 1
| #define HAVE_OPENSSL 1
| /* end confdefs.h.  */
| #include <stdio.h>
| #ifdef HAVE_SYS_TYPES_H
| # include <sys/types.h>
| #endif
| #ifdef HAVE_SYS_STAT_H
| # include <sys/stat.h>
| #endif
| #ifdef STDC_HEADERS
| # include <stdlib.h>
| # include <stddef.h>
| #else
| # ifdef HAVE_STDLIB_H
| #  include <stdlib.h>
| # endif
| #endif
| #ifdef HAVE_STRING_H
| # if !defined STDC_HEADERS && defined HAVE_MEMORY_H
| #  include <memory.h>
| # endif
| # include <string.h>
| #endif
| #ifdef HAVE_STRINGS_H
| # include <strings.h>
| #endif
| #ifdef HAVE_INTTYPES_H
| # include <inttypes.h>
| #endif
| #ifdef HAVE_STDINT_H
| # include <stdint.h>
| #endif
| #ifdef HAVE_UNISTD_H
| # include <unistd.h>
| #endif
| #include <pcap.h>
configure:6041: result: no
configure:6041: checking pcap.h presence
configure:6041: gcc -E  conftest.c
conftest.c:27:18: fatal error: pcap.h: No such file or directory
 #include <pcap.h>
                  ^
compilation terminated.
configure:6041: $? = 1
configure: failed program was:
| /* confdefs.h */
| #define PACKAGE_NAME ""
| #define PACKAGE_TARNAME ""
| #define PACKAGE_VERSION ""
| #define PACKAGE_STRING ""
| #define PACKAGE_BUGREPORT ""
| #define PACKAGE_URL ""
| #define LINUX 1
| #define STDC_HEADERS 1
| #define HAVE_SYS_TYPES_H 1
| #define HAVE_SYS_STAT_H 1
| #define HAVE_STDLIB_H 1
| #define HAVE_STRING_H 1
| #define HAVE_MEMORY_H 1
| #define HAVE_STRINGS_H 1
| #define HAVE_INTTYPES_H 1
| #define HAVE_STDINT_H 1
| #define HAVE_UNISTD_H 1
| #define HAVE_PWD_H 1
| #define HAVE_TERMIOS_H 1
| #define HAVE_LINUX_RTNETLINK_H 1
| #define HAVE_SYS_SOCKET_H 1
| #define HAVE_NET_IF_H 1
| #define HAVE_IPV6_IPPROTO_RAW 1
| #define HAVE_OPENSSL 1
| /* end confdefs.h.  */
| #include <pcap.h>
configure:6041: result: no
configure:6041: checking for pcap.h
configure:6041: result: no
configure:6373: checking pcre.h usability
configure:6373: gcc -c -g -O2  -I$(top_srcdir)/libpcap conftest.c >&5
configure:6373: $? = 0
configure:6373: result: yes
configure:6373: checking pcre.h presence
configure:6373: gcc -E  -I$(top_srcdir)/libpcap conftest.c
configure:6373: $? = 0
configure:6373: result: yes
configure:6373: checking for pcre.h
configure:6373: result: yes
configure:6375: checking for pcre_version in -lpcre
configure:6400: gcc -o conftest -g -O2  -I$(top_srcdir)/libpcap -Wl,-E  conftest.c -lpcre   >&5
configure:6400: $? = 0
configure:6409: result: yes
configure:6484: checking pcre/pcre.h usability
configure:6484: gcc -c -g -O2  -I$(top_srcdir)/libpcap conftest.c >&5
conftest.c:61:23: fatal error: pcre/pcre.h: No such file or directory
 #include <pcre/pcre.h>
                       ^
compilation terminated.
configure:6484: $? = 1
configure: failed program was:
| /* confdefs.h */
| #define PACKAGE_NAME ""
| #define PACKAGE_TARNAME ""
| #define PACKAGE_VERSION ""
| #define PACKAGE_STRING ""
| #define PACKAGE_BUGREPORT ""
| #define PACKAGE_URL ""
| #define LINUX 1
| #define STDC_HEADERS 1
| #define HAVE_SYS_TYPES_H 1
| #define HAVE_SYS_STAT_H 1
| #define HAVE_STDLIB_H 1
| #define HAVE_STRING_H 1
| #define HAVE_MEMORY_H 1
| #define HAVE_STRINGS_H 1
| #define HAVE_INTTYPES_H 1
| #define HAVE_STDINT_H 1
| #define HAVE_UNISTD_H 1
| #define HAVE_PWD_H 1
| #define HAVE_TERMIOS_H 1
| #define HAVE_LINUX_RTNETLINK_H 1
| #define HAVE_SYS_SOCKET_H 1
| #define HAVE_NET_IF_H 1
| #define HAVE_IPV6_IPPROTO_RAW 1
| #define HAVE_OPENSSL 1
| #define PCAP_INCLUDED 1
| /* end confdefs.h.  */
| #include <stdio.h>
| #ifdef HAVE_SYS_TYPES_H
| # include <sys/types.h>
| #endif
| #ifdef HAVE_SYS_STAT_H
| # include <sys/stat.h>
| #endif
| #ifdef STDC_HEADERS
| # include <stdlib.h>
| # include <stddef.h>
| #else
| # ifdef HAVE_STDLIB_H
| #  include <stdlib.h>
| # endif
| #endif
| #ifdef HAVE_STRING_H
| # if !defined STDC_HEADERS && defined HAVE_MEMORY_H
| #  include <memory.h>
| # endif
| # include <string.h>
| #endif
| #ifdef HAVE_STRINGS_H
| # include <strings.h>
| #endif
| #ifdef HAVE_INTTYPES_H
| # include <inttypes.h>
| #endif
| #ifdef HAVE_STDINT_H
| # include <stdint.h>
| #endif
| #ifdef HAVE_UNISTD_H
| # include <unistd.h>
| #endif
| #include <pcre/pcre.h>
configure:6484: result: no
configure:6484: checking pcre/pcre.h presence
configure:6484: gcc -E  -I$(top_srcdir)/libpcap conftest.c
conftest.c:28:23: fatal error: pcre/pcre.h: No such file or directory
 #include <pcre/pcre.h>
                       ^
compilation terminated.
configure:6484: $? = 1
configure: failed program was:
| /* confdefs.h */
| #define PACKAGE_NAME ""
| #define PACKAGE_TARNAME ""
| #define PACKAGE_VERSION ""
| #define PACKAGE_STRING ""
| #define PACKAGE_BUGREPORT ""
| #define PACKAGE_URL ""
| #define LINUX 1
| #define STDC_HEADERS 1
| #define HAVE_SYS_TYPES_H 1
| #define HAVE_SYS_STAT_H 1
| #define HAVE_STDLIB_H 1
| #define HAVE_STRING_H 1
| #define HAVE_MEMORY_H 1
| #define HAVE_STRINGS_H 1
| #define HAVE_INTTYPES_H 1
| #define HAVE_STDINT_H 1
| #define HAVE_UNISTD_H 1
| #define HAVE_PWD_H 1
| #define HAVE_TERMIOS_H 1
| #define HAVE_LINUX_RTNETLINK_H 1
| #define HAVE_SYS_SOCKET_H 1
| #define HAVE_NET_IF_H 1
| #define HAVE_IPV6_IPPROTO_RAW 1
| #define HAVE_OPENSSL 1
| #define PCAP_INCLUDED 1
| /* end confdefs.h.  */
| #include <pcre/pcre.h>
configure:6484: result: no
configure:6484: checking for pcre/pcre.h
configure:6484: result: no
configure:6594: checking for library containing dlopen
configure:6625: gcc -o conftest -g -O2 -I$(top_srcdir)/libdnet-stripped/include  -I$(top_srcdir)/libpcap -Wl,-E  conftest.c  >&5
/tmp/cc0x3ecr.o: In function `main':
/home/adofsauron/work/repos/nmap-7.01/conftest.c:40: undefined reference to `dlopen'
collect2: error: ld returned 1 exit status
configure:6625: $? = 1
configure: failed program was:
| /* confdefs.h */
| #define PACKAGE_NAME ""
| #define PACKAGE_TARNAME ""
| #define PACKAGE_VERSION ""
| #define PACKAGE_STRING ""
| #define PACKAGE_BUGREPORT ""
| #define PACKAGE_URL ""
| #define LINUX 1
| #define STDC_HEADERS 1
| #define HAVE_SYS_TYPES_H 1
| #define HAVE_SYS_STAT_H 1
| #define HAVE_STDLIB_H 1
| #define HAVE_STRING_H 1
| #define HAVE_MEMORY_H 1
| #define HAVE_STRINGS_H 1
| #define HAVE_INTTYPES_H 1
| #define HAVE_STDINT_H 1
| #define HAVE_UNISTD_H 1
| #define HAVE_PWD_H 1
| #define HAVE_TERMIOS_H 1
| #define HAVE_LINUX_RTNETLINK_H 1
| #define HAVE_SYS_SOCKET_H 1
| #define HAVE_NET_IF_H 1
| #define HAVE_IPV6_IPPROTO_RAW 1
| #define HAVE_OPENSSL 1
| #define PCAP_INCLUDED 1
| #define DNET_INCLUDED 1
| /* end confdefs.h.  */
| 
| /* Override any GCC internal prototype to avoid an error.
|    Use char because int might match the return type of a GCC
|    builtin and then its argument prototype would still apply.  */
| #ifdef __cplusplus
| extern "C"
| #endif
| char dlopen ();
| int
| main ()
| {
| return dlopen ();
|   ;
|   return 0;
| }
configure:6625: gcc -o conftest -g -O2 -I$(top_srcdir)/libdnet-stripped/include  -I$(top_srcdir)/libpcap -Wl,-E  conftest.c -ldl   >&5
configure:6625: $? = 0
configure:6642: result: -ldl
configure:6669: checking lua.h usability
configure:6669: gcc -c -g -O2 -I$(top_srcdir)/libdnet-stripped/include  -I$(top_srcdir)/libpcap conftest.c >&5
configure:6669: $? = 0
configure:6669: result: yes
configure:6669: checking lua.h presence
configure:6669: gcc -E -I$(top_srcdir)/libdnet-stripped/include  -I$(top_srcdir)/libpcap conftest.c
configure:6669: $? = 0
configure:6669: result: yes
configure:6669: checking for lua.h
configure:6669: result: yes
configure:6674: checking for lua_yieldk in -llua
configure:6699: gcc -o conftest -g -O2 -I$(top_srcdir)/libdnet-stripped/include  -I$(top_srcdir)/libpcap -Wl,-E  conftest.c -llua -lm -ldl  >&5
configure:6699: $? = 0
configure:6708: result: yes
configure:6806: checking for lua version >= 502
configure:6824: g++ -o conftest -g -O2 -Wall -fno-strict-aliasing -I/usr/include/lua -I$(top_srcdir)/libdnet-stripped/include  -I$(top_srcdir)/libpcap -Wl,-E  conftest.cpp -ldl  >&5
configure:6824: $? = 0
configure:6824: ./conftest
configure:6824: $? = 0
configure:6858: result: yes
configure:6908: checking linear.h usability
configure:6908: gcc -c -g -O2 -I/usr/include/lua -I$(top_srcdir)/libdnet-stripped/include  -I$(top_srcdir)/libpcap conftest.c >&5
conftest.c:63:20: fatal error: linear.h: No such file or directory
 #include <linear.h>
                    ^
compilation terminated.
configure:6908: $? = 1
configure: failed program was:
| /* confdefs.h */
| #define PACKAGE_NAME ""
| #define PACKAGE_TARNAME ""
| #define PACKAGE_VERSION ""
| #define PACKAGE_STRING ""
| #define PACKAGE_BUGREPORT ""
| #define PACKAGE_URL ""
| #define LINUX 1
| #define STDC_HEADERS 1
| #define HAVE_SYS_TYPES_H 1
| #define HAVE_SYS_STAT_H 1
| #define HAVE_STDLIB_H 1
| #define HAVE_STRING_H 1
| #define HAVE_MEMORY_H 1
| #define HAVE_STRINGS_H 1
| #define HAVE_INTTYPES_H 1
| #define HAVE_STDINT_H 1
| #define HAVE_UNISTD_H 1
| #define HAVE_PWD_H 1
| #define HAVE_TERMIOS_H 1
| #define HAVE_LINUX_RTNETLINK_H 1
| #define HAVE_SYS_SOCKET_H 1
| #define HAVE_NET_IF_H 1
| #define HAVE_IPV6_IPPROTO_RAW 1
| #define HAVE_OPENSSL 1
| #define PCAP_INCLUDED 1
| #define DNET_INCLUDED 1
| #define HAVE_LUA_H 1
| /* end confdefs.h.  */
| #include <stdio.h>
| #ifdef HAVE_SYS_TYPES_H
| # include <sys/types.h>
| #endif
| #ifdef HAVE_SYS_STAT_H
| # include <sys/stat.h>
| #endif
| #ifdef STDC_HEADERS
| # include <stdlib.h>
| # include <stddef.h>
| #else
| # ifdef HAVE_STDLIB_H
| #  include <stdlib.h>
| # endif
| #endif
| #ifdef HAVE_STRING_H
| # if !defined STDC_HEADERS && defined HAVE_MEMORY_H
| #  include <memory.h>
| # endif
| # include <string.h>
| #endif
| #ifdef HAVE_STRINGS_H
| # include <strings.h>
| #endif
| #ifdef HAVE_INTTYPES_H
| # include <inttypes.h>
| #endif
| #ifdef HAVE_STDINT_H
| # include <stdint.h>
| #endif
| #ifdef HAVE_UNISTD_H
| # include <unistd.h>
| #endif
| #include <linear.h>
configure:6908: result: no
configure:6908: checking linear.h presence
configure:6908: gcc -E -I/usr/include/lua -I$(top_srcdir)/libdnet-stripped/include  -I$(top_srcdir)/libpcap conftest.c
conftest.c:30:20: fatal error: linear.h: No such file or directory
 #include <linear.h>
                    ^
compilation terminated.
configure:6908: $? = 1
configure: failed program was:
| /* confdefs.h */
| #define PACKAGE_NAME ""
| #define PACKAGE_TARNAME ""
| #define PACKAGE_VERSION ""
| #define PACKAGE_STRING ""
| #define PACKAGE_BUGREPORT ""
| #define PACKAGE_URL ""
| #define LINUX 1
| #define STDC_HEADERS 1
| #define HAVE_SYS_TYPES_H 1
| #define HAVE_SYS_STAT_H 1
| #define HAVE_STDLIB_H 1
| #define HAVE_STRING_H 1
| #define HAVE_MEMORY_H 1
| #define HAVE_STRINGS_H 1
| #define HAVE_INTTYPES_H 1
| #define HAVE_STDINT_H 1
| #define HAVE_UNISTD_H 1
| #define HAVE_PWD_H 1
| #define HAVE_TERMIOS_H 1
| #define HAVE_LINUX_RTNETLINK_H 1
| #define HAVE_SYS_SOCKET_H 1
| #define HAVE_NET_IF_H 1
| #define HAVE_IPV6_IPPROTO_RAW 1
| #define HAVE_OPENSSL 1
| #define PCAP_INCLUDED 1
| #define DNET_INCLUDED 1
| #define HAVE_LUA_H 1
| /* end confdefs.h.  */
| #include <linear.h>
configure:6908: result: no
configure:6908: checking for linear.h
configure:6908: result: no
configure:6966: result: no
configure:6989: checking whether byte ordering is bigendian
configure:7004: gcc -c -g -O2 -I$(top_srcdir)/liblinear -I/usr/include/lua -I$(top_srcdir)/libdnet-stripped/include  -I$(top_srcdir)/libpcap conftest.c >&5
conftest.c:32:9: error: unknown type name 'not'
         not a universal capable compiler
         ^
conftest.c:32:15: error: expected '=', ',', ';', 'asm' or '__attribute__' before 'universal'
         not a universal capable compiler
               ^
conftest.c:32:15: error: unknown type name 'universal'
configure:7004: $? = 1
configure: failed program was:
| /* confdefs.h */
| #define PACKAGE_NAME ""
| #define PACKAGE_TARNAME ""
| #define PACKAGE_VERSION ""
| #define PACKAGE_STRING ""
| #define PACKAGE_BUGREPORT ""
| #define PACKAGE_URL ""
| #define LINUX 1
| #define STDC_HEADERS 1
| #define HAVE_SYS_TYPES_H 1
| #define HAVE_SYS_STAT_H 1
| #define HAVE_STDLIB_H 1
| #define HAVE_STRING_H 1
| #define HAVE_MEMORY_H 1
| #define HAVE_STRINGS_H 1
| #define HAVE_INTTYPES_H 1
| #define HAVE_STDINT_H 1
| #define HAVE_UNISTD_H 1
| #define HAVE_PWD_H 1
| #define HAVE_TERMIOS_H 1
| #define HAVE_LINUX_RTNETLINK_H 1
| #define HAVE_SYS_SOCKET_H 1
| #define HAVE_NET_IF_H 1
| #define HAVE_IPV6_IPPROTO_RAW 1
| #define HAVE_OPENSSL 1
| #define PCAP_INCLUDED 1
| #define DNET_INCLUDED 1
| #define HAVE_LUA_H 1
| #define LIBLINEAR_INCLUDED 1
| /* end confdefs.h.  */
| #ifndef __APPLE_CC__
| 	       not a universal capable compiler
| 	     #endif
| 	     typedef int dummy;
| 
configure:7049: gcc -c -g -O2 -I$(top_srcdir)/liblinear -I/usr/include/lua -I$(top_srcdir)/libdnet-stripped/include  -I$(top_srcdir)/libpcap conftest.c >&5
configure:7049: $? = 0
configure:7067: gcc -c -g -O2 -I$(top_srcdir)/liblinear -I/usr/include/lua -I$(top_srcdir)/libdnet-stripped/include  -I$(top_srcdir)/libpcap conftest.c >&5
conftest.c: In function 'main':
conftest.c:38:4: error: unknown type name 'not'
    not big endian
    ^
conftest.c:38:12: error: expected '=', ',', ';', 'asm' or '__attribute__' before 'endian'
    not big endian
            ^
configure:7067: $? = 1
configure: failed program was:
| /* confdefs.h */
| #define PACKAGE_NAME ""
| #define PACKAGE_TARNAME ""
| #define PACKAGE_VERSION ""
| #define PACKAGE_STRING ""
| #define PACKAGE_BUGREPORT ""
| #define PACKAGE_URL ""
| #define LINUX 1
| #define STDC_HEADERS 1
| #define HAVE_SYS_TYPES_H 1
| #define HAVE_SYS_STAT_H 1
| #define HAVE_STDLIB_H 1
| #define HAVE_STRING_H 1
| #define HAVE_MEMORY_H 1
| #define HAVE_STRINGS_H 1
| #define HAVE_INTTYPES_H 1
| #define HAVE_STDINT_H 1
| #define HAVE_UNISTD_H 1
| #define HAVE_PWD_H 1
| #define HAVE_TERMIOS_H 1
| #define HAVE_LINUX_RTNETLINK_H 1
| #define HAVE_SYS_SOCKET_H 1
| #define HAVE_NET_IF_H 1
| #define HAVE_IPV6_IPPROTO_RAW 1
| #define HAVE_OPENSSL 1
| #define PCAP_INCLUDED 1
| #define DNET_INCLUDED 1
| #define HAVE_LUA_H 1
| #define LIBLINEAR_INCLUDED 1
| /* end confdefs.h.  */
| #include <sys/types.h>
| 		#include <sys/param.h>
| 
| int
| main ()
| {
| #if BYTE_ORDER != BIG_ENDIAN
| 		 not big endian
| 		#endif
| 
|   ;
|   return 0;
| }
configure:7195: result: no
configure:7214: checking if struct in_addr is a wacky huge structure (some Sun boxes)
configure:7229: gcc -c -g -O2 -I$(top_srcdir)/liblinear -I/usr/include/lua -I$(top_srcdir)/libdnet-stripped/include  -I$(top_srcdir)/libpcap conftest.c >&5
conftest.c: In function 'main':
conftest.c:35:20: error: 'struct in_addr' has no member named '_S_un'
 struct in_addr i; i._S_un._S_addr;
                    ^
configure:7229: $? = 1
configure: failed program was:
| /* confdefs.h */
| #define PACKAGE_NAME ""
| #define PACKAGE_TARNAME ""
| #define PACKAGE_VERSION ""
| #define PACKAGE_STRING ""
| #define PACKAGE_BUGREPORT ""
| #define PACKAGE_URL ""
| #define LINUX 1
| #define STDC_HEADERS 1
| #define HAVE_SYS_TYPES_H 1
| #define HAVE_SYS_STAT_H 1
| #define HAVE_STDLIB_H 1
| #define HAVE_STRING_H 1
| #define HAVE_MEMORY_H 1
| #define HAVE_STRINGS_H 1
| #define HAVE_INTTYPES_H 1
| #define HAVE_STDINT_H 1
| #define HAVE_UNISTD_H 1
| #define HAVE_PWD_H 1
| #define HAVE_TERMIOS_H 1
| #define HAVE_LINUX_RTNETLINK_H 1
| #define HAVE_SYS_SOCKET_H 1
| #define HAVE_NET_IF_H 1
| #define HAVE_IPV6_IPPROTO_RAW 1
| #define HAVE_OPENSSL 1
| #define PCAP_INCLUDED 1
| #define DNET_INCLUDED 1
| #define HAVE_LUA_H 1
| #define LIBLINEAR_INCLUDED 1
| /* end confdefs.h.  */
| #include <netinet/in.h>
| int
| main ()
| {
| struct in_addr i; i._S_un._S_addr;
|   ;
|   return 0;
| }
configure:7249: gcc -c -g -O2 -I$(top_srcdir)/liblinear -I/usr/include/lua -I$(top_srcdir)/libdnet-stripped/include  -I$(top_srcdir)/libpcap conftest.c >&5
conftest.c: In function 'main':
conftest.c:36:20: error: 'struct in_addr' has no member named 'S_un'
 struct in_addr i; i.S_un.S_addr;
                    ^
configure:7249: $? = 1
configure: failed program was:
| /* confdefs.h */
| #define PACKAGE_NAME ""
| #define PACKAGE_TARNAME ""
| #define PACKAGE_VERSION ""
| #define PACKAGE_STRING ""
| #define PACKAGE_BUGREPORT ""
| #define PACKAGE_URL ""
| #define LINUX 1
| #define STDC_HEADERS 1
| #define HAVE_SYS_TYPES_H 1
| #define HAVE_SYS_STAT_H 1
| #define HAVE_STDLIB_H 1
| #define HAVE_STRING_H 1
| #define HAVE_MEMORY_H 1
| #define HAVE_STRINGS_H 1
| #define HAVE_INTTYPES_H 1
| #define HAVE_STDINT_H 1
| #define HAVE_UNISTD_H 1
| #define HAVE_PWD_H 1
| #define HAVE_TERMIOS_H 1
| #define HAVE_LINUX_RTNETLINK_H 1
| #define HAVE_SYS_SOCKET_H 1
| #define HAVE_NET_IF_H 1
| #define HAVE_IPV6_IPPROTO_RAW 1
| #define HAVE_OPENSSL 1
| #define PCAP_INCLUDED 1
| #define DNET_INCLUDED 1
| #define HAVE_LUA_H 1
| #define LIBLINEAR_INCLUDED 1
| /* end confdefs.h.  */
| #include <sys/types.h>
| #include <netinet/in.h>
| int
| main ()
| {
| struct in_addr i; i.S_un.S_addr;
|   ;
|   return 0;
| }
configure:7257: result: no
configure:7264: checking if struct icmp exists
configure:7289: gcc -c -g -O2 -I$(top_srcdir)/liblinear -I/usr/include/lua -I$(top_srcdir)/libdnet-stripped/include  -I$(top_srcdir)/libpcap conftest.c >&5
conftest.c:36:0: warning: "__USE_BSD" redefined [enabled by default]
                #define __USE_BSD
 ^
In file included from /usr/include/sys/types.h:25:0,
                 from conftest.c:32:
/usr/include/features.h:320:0: note: this is the location of the previous definition
 # define __USE_BSD 1
 ^
conftest.c:38:0: warning: "_BSD_SOURCE" redefined [enabled by default]
                #define _BSD_SOURCE
 ^
In file included from /usr/include/sys/types.h:25:0,
                 from conftest.c:32:
/usr/include/features.h:188:0: note: this is the location of the previous definition
 # define _BSD_SOURCE 1
 ^
configure:7289: $? = 0
configure:7296: result: yes
configure:7304: checking if struct ip exists
configure:7328: gcc -c -g -O2 -I$(top_srcdir)/liblinear -I/usr/include/lua -I$(top_srcdir)/libdnet-stripped/include  -I$(top_srcdir)/libpcap conftest.c >&5
conftest.c:37:0: warning: "__USE_BSD" redefined [enabled by default]
                #define __USE_BSD
 ^
In file included from /usr/include/sys/types.h:25:0,
                 from conftest.c:33:
/usr/include/features.h:320:0: note: this is the location of the previous definition
 # define __USE_BSD 1
 ^
conftest.c:39:0: warning: "_BSD_SOURCE" redefined [enabled by default]
                #define _BSD_SOURCE
 ^
In file included from /usr/include/sys/types.h:25:0,
                 from conftest.c:33:
/usr/include/features.h:188:0: note: this is the location of the previous definition
 # define _BSD_SOURCE 1
 ^
configure:7328: $? = 0
configure:7335: result: yes
configure:7343: checking if struct ip has ip_sum member
configure:7368: gcc -c -g -O2 -I$(top_srcdir)/liblinear -I/usr/include/lua -I$(top_srcdir)/libdnet-stripped/include  -I$(top_srcdir)/libpcap conftest.c >&5
conftest.c:38:0: warning: "__USE_BSD" redefined [enabled by default]
                #define __USE_BSD
 ^
In file included from /usr/include/sys/types.h:25:0,
                 from conftest.c:34:
/usr/include/features.h:320:0: note: this is the location of the previous definition
 # define __USE_BSD 1
 ^
conftest.c:40:0: warning: "_BSD_SOURCE" redefined [enabled by default]
                #define _BSD_SOURCE
 ^
In file included from /usr/include/sys/types.h:25:0,
                 from conftest.c:34:
/usr/include/features.h:188:0: note: this is the location of the previous definition
 # define _BSD_SOURCE 1
 ^
configure:7368: $? = 0
configure:7375: result: yes
configure:7385: checking for strerror
configure:7385: gcc -o conftest -g -O2 -I$(top_srcdir)/liblinear -I/usr/include/lua -I$(top_srcdir)/libdnet-stripped/include  -I$(top_srcdir)/libpcap -Wl,-E  conftest.c -ldl  >&5
configure:7385: $? = 0
configure:7385: result: yes
configure:7401: checking for type of 6th argument to recvfrom()
configure:7422: g++ -c -g -O2 -Wall -fno-strict-aliasing -I$(top_srcdir)/liblinear -I/usr/include/lua -I$(top_srcdir)/libdnet-stripped/include  -I$(top_srcdir)/libpcap conftest.cpp >&5
configure:7422: $? = 0
configure:7436: result: socklen_t
configure:7585: checking for APR
configure:7664: result: yes
configure:7695: checking svn_client.h usability
configure:7695: gcc -c -g -O2 -I$(top_srcdir)/liblinear -I/usr/include/lua -I$(top_srcdir)/libdnet-stripped/include  -I$(top_srcdir)/libpcap -I$(top_srcdir)/nbase -I$(top_srcdir)/nsock/include  -DLINUX -D_REENTRANT -D_GNU_SOURCE -I/usr/include/apr-1  conftest.c >&5
conftest.c:69:24: fatal error: svn_client.h: No such file or directory
 #include <svn_client.h>
                        ^
compilation terminated.
configure:7695: $? = 1
configure: failed program was:
| /* confdefs.h */
| #define PACKAGE_NAME ""
| #define PACKAGE_TARNAME ""
| #define PACKAGE_VERSION ""
| #define PACKAGE_STRING ""
| #define PACKAGE_BUGREPORT ""
| #define PACKAGE_URL ""
| #define LINUX 1
| #define STDC_HEADERS 1
| #define HAVE_SYS_TYPES_H 1
| #define HAVE_SYS_STAT_H 1
| #define HAVE_STDLIB_H 1
| #define HAVE_STRING_H 1
| #define HAVE_MEMORY_H 1
| #define HAVE_STRINGS_H 1
| #define HAVE_INTTYPES_H 1
| #define HAVE_STDINT_H 1
| #define HAVE_UNISTD_H 1
| #define HAVE_PWD_H 1
| #define HAVE_TERMIOS_H 1
| #define HAVE_LINUX_RTNETLINK_H 1
| #define HAVE_SYS_SOCKET_H 1
| #define HAVE_NET_IF_H 1
| #define HAVE_IPV6_IPPROTO_RAW 1
| #define HAVE_OPENSSL 1
| #define PCAP_INCLUDED 1
| #define DNET_INCLUDED 1
| #define HAVE_LUA_H 1
| #define LIBLINEAR_INCLUDED 1
| #define HAVE_STRUCT_ICMP 1
| #define HAVE_STRUCT_IP 1
| #define HAVE_IP_IP_SUM 1
| #define HAVE_STRERROR 1
| #define recvfrom6_t socklen_t
| /* end confdefs.h.  */
| #include <stdio.h>
| #ifdef HAVE_SYS_TYPES_H
| # include <sys/types.h>
| #endif
| #ifdef HAVE_SYS_STAT_H
| # include <sys/stat.h>
| #endif
| #ifdef STDC_HEADERS
| # include <stdlib.h>
| # include <stddef.h>
| #else
| # ifdef HAVE_STDLIB_H
| #  include <stdlib.h>
| # endif
| #endif
| #ifdef HAVE_STRING_H
| # if !defined STDC_HEADERS && defined HAVE_MEMORY_H
| #  include <memory.h>
| # endif
| # include <string.h>
| #endif
| #ifdef HAVE_STRINGS_H
| # include <strings.h>
| #endif
| #ifdef HAVE_INTTYPES_H
| # include <inttypes.h>
| #endif
| #ifdef HAVE_STDINT_H
| # include <stdint.h>
| #endif
| #ifdef HAVE_UNISTD_H
| # include <unistd.h>
| #endif
| #include <svn_client.h>
configure:7695: result: no
configure:7695: checking svn_client.h presence
configure:7695: gcc -E -I$(top_srcdir)/liblinear -I/usr/include/lua -I$(top_srcdir)/libdnet-stripped/include  -I$(top_srcdir)/libpcap -I$(top_srcdir)/nbase -I$(top_srcdir)/nsock/include  -DLINUX -D_REENTRANT -D_GNU_SOURCE -I/usr/include/apr-1  conftest.c
conftest.c:36:24: fatal error: svn_client.h: No such file or directory
 #include <svn_client.h>
                        ^
compilation terminated.
configure:7695: $? = 1
configure: failed program was:
| /* confdefs.h */
| #define PACKAGE_NAME ""
| #define PACKAGE_TARNAME ""
| #define PACKAGE_VERSION ""
| #define PACKAGE_STRING ""
| #define PACKAGE_BUGREPORT ""
| #define PACKAGE_URL ""
| #define LINUX 1
| #define STDC_HEADERS 1
| #define HAVE_SYS_TYPES_H 1
| #define HAVE_SYS_STAT_H 1
| #define HAVE_STDLIB_H 1
| #define HAVE_STRING_H 1
| #define HAVE_MEMORY_H 1
| #define HAVE_STRINGS_H 1
| #define HAVE_INTTYPES_H 1
| #define HAVE_STDINT_H 1
| #define HAVE_UNISTD_H 1
| #define HAVE_PWD_H 1
| #define HAVE_TERMIOS_H 1
| #define HAVE_LINUX_RTNETLINK_H 1
| #define HAVE_SYS_SOCKET_H 1
| #define HAVE_NET_IF_H 1
| #define HAVE_IPV6_IPPROTO_RAW 1
| #define HAVE_OPENSSL 1
| #define PCAP_INCLUDED 1
| #define DNET_INCLUDED 1
| #define HAVE_LUA_H 1
| #define LIBLINEAR_INCLUDED 1
| #define HAVE_STRUCT_ICMP 1
| #define HAVE_STRUCT_IP 1
| #define HAVE_IP_IP_SUM 1
| #define HAVE_STRERROR 1
| #define recvfrom6_t socklen_t
| /* end confdefs.h.  */
| #include <svn_client.h>
configure:7695: result: no
configure:7695: checking for svn_client.h
configure:7695: result: no
configure:7700: checking subversion-1/svn_client.h usability
configure:7700: gcc -c -g -O2 -I$(top_srcdir)/liblinear -I/usr/include/lua -I$(top_srcdir)/libdnet-stripped/include  -I$(top_srcdir)/libpcap -I$(top_srcdir)/nbase -I$(top_srcdir)/nsock/include  -DLINUX -D_REENTRANT -D_GNU_SOURCE -I/usr/include/apr-1  conftest.c >&5
configure:7700: $? = 0
configure:7700: result: yes
configure:7700: checking subversion-1/svn_client.h presence
configure:7700: gcc -E -I$(top_srcdir)/liblinear -I/usr/include/lua -I$(top_srcdir)/libdnet-stripped/include  -I$(top_srcdir)/libpcap -I$(top_srcdir)/nbase -I$(top_srcdir)/nsock/include  -DLINUX -D_REENTRANT -D_GNU_SOURCE -I/usr/include/apr-1  conftest.c
configure:7700: $? = 0
configure:7700: result: yes
configure:7700: checking for subversion-1/svn_client.h
configure:7700: result: yes
configure:7715: checking for svn_client_create_context in -lsvn_client-1
configure:7740: gcc -o conftest -g -O2 -I$(top_srcdir)/liblinear -I/usr/include/lua -I$(top_srcdir)/libdnet-stripped/include  -I$(top_srcdir)/libpcap -I$(top_srcdir)/nbase -I$(top_srcdir)/nsock/include -Wl,-E  -Lnbase -Lnsock/src/ conftest.c -lsvn_client-1  -ldl  >&5
configure:7740: $? = 0
configure:7749: result: yes
configure:7921: creating ./config.status

## ---------------------- ##
## Running config.status. ##
## ---------------------- ##

This file was extended by config.status, which was
generated by GNU Autoconf 2.69.  Invocation command line was

  CONFIG_FILES    = 
  CONFIG_HEADERS  = 
  CONFIG_LINKS    = 
  CONFIG_COMMANDS = 
  $ ./config.status 

on linux-cy9o.site

config.status:916: creating Makefile
config.status:916: creating libnetutil/Makefile
config.status:916: creating nmap_config.h
configure:9153: === configuring in nping (/home/adofsauron/work/repos/nmap-7.01/nping)
configure:9216: running /bin/sh ./configure --disable-option-checking '--prefix=/usr/local'  --cache-file=/dev/null --srcdir=.
configure:9153: === configuring in libpcap (/home/adofsauron/work/repos/nmap-7.01/libpcap)
configure:9216: running /bin/sh ./configure --disable-option-checking '--prefix=/usr/local'  --cache-file=/dev/null --srcdir=.
configure:9153: === configuring in libdnet-stripped (/home/adofsauron/work/repos/nmap-7.01/libdnet-stripped)
configure:9216: running /bin/sh ./configure --disable-option-checking '--prefix=/usr/local'  --cache-file=/dev/null --srcdir=.
configure:9153: === configuring in nbase (/home/adofsauron/work/repos/nmap-7.01/nbase)
configure:9216: running /bin/sh ./configure --disable-option-checking '--prefix=/usr/local'  --cache-file=/dev/null --srcdir=.
configure:9153: === configuring in nsock/src (/home/adofsauron/work/repos/nmap-7.01/nsock/src)
configure:9216: running /bin/sh ./configure --disable-option-checking '--prefix=/usr/local'  --cache-file=/dev/null --srcdir=.
configure:9153: === configuring in ncat (/home/adofsauron/work/repos/nmap-7.01/ncat)
configure:9216: running /bin/sh ./configure --disable-option-checking '--prefix=/usr/local'  --cache-file=/dev/null --srcdir=.
configure:9153: === configuring in nmap-update (/home/adofsauron/work/repos/nmap-7.01/nmap-update)
configure:9216: running /bin/sh ./configure --disable-option-checking '--prefix=/usr/local'  --cache-file=/dev/null --srcdir=.

## ---------------- ##
## Cache variables. ##
## ---------------- ##

ac_cv_build=x86_64-unknown-linux-gnu
ac_cv_c_bigendian=no
ac_cv_c_compiler_gnu=yes
ac_cv_c_inline=inline
ac_cv_cxx_compiler_gnu=yes
ac_cv_env_CCC_set=
ac_cv_env_CCC_value=
ac_cv_env_CC_set=
ac_cv_env_CC_value=
ac_cv_env_CFLAGS_set=
ac_cv_env_CFLAGS_value=
ac_cv_env_CPPFLAGS_set=
ac_cv_env_CPPFLAGS_value=
ac_cv_env_CPP_set=
ac_cv_env_CPP_value=
ac_cv_env_CXXFLAGS_set=
ac_cv_env_CXXFLAGS_value=
ac_cv_env_CXX_set=
ac_cv_env_CXX_value=
ac_cv_env_LDFLAGS_set=
ac_cv_env_LDFLAGS_value=
ac_cv_env_LIBS_set=
ac_cv_env_LIBS_value=
ac_cv_env_PYTHON_set=
ac_cv_env_PYTHON_value=
ac_cv_env_build_alias_set=
ac_cv_env_build_alias_value=
ac_cv_env_host_alias_set=
ac_cv_env_host_alias_value=
ac_cv_env_target_alias_set=
ac_cv_env_target_alias_value=
ac_cv_func_strerror=yes
ac_cv_header_inttypes_h=yes
ac_cv_header_linear_h=no
ac_cv_header_linux_rtnetlink_h=yes
ac_cv_header_lua_h=yes
ac_cv_header_memory_h=yes
ac_cv_header_net_if_h=yes
ac_cv_header_openssl_ssl_h=yes
ac_cv_header_pcap_h=no
ac_cv_header_pcre_h=yes
ac_cv_header_pcre_pcre_h=no
ac_cv_header_pwd_h=yes
ac_cv_header_stdc=yes
ac_cv_header_stdint_h=yes
ac_cv_header_stdlib_h=yes
ac_cv_header_string_h=yes
ac_cv_header_strings_h=yes
ac_cv_header_subversion_1_svn_client_h=yes
ac_cv_header_svn_client_h=no
ac_cv_header_sys_socket_h=yes
ac_cv_header_sys_sockio_h=no
ac_cv_header_sys_stat_h=yes
ac_cv_header_sys_types_h=yes
ac_cv_header_termios_h=yes
ac_cv_header_unistd_h=yes
ac_cv_host=x86_64-unknown-linux-gnu
ac_cv_ip_has_ip_sum=yes
ac_cv_lib_crypto_BIO_int_ctrl=yes
ac_cv_lib_lua_lua_yieldk=yes
ac_cv_lib_pcre_pcre_version=yes
ac_cv_lib_ssl_SSL_new=yes
ac_cv_lib_svn_client_1_svn_client_create_context=yes
ac_cv_objext=o
ac_cv_path_EGREP='/usr/bin/grep -E'
ac_cv_path_GREP=/usr/bin/grep
ac_cv_path_PYTHON=/usr/bin/python2
ac_cv_path_ac_pt_STRIP=/usr/bin/strip
ac_cv_path_install='/usr/bin/install -c'
ac_cv_prog_AWK=gawk
ac_cv_prog_CPP='gcc -E'
ac_cv_prog_ac_ct_CC=gcc
ac_cv_prog_ac_ct_CXX=g++
ac_cv_prog_ac_ct_RANLIB=ranlib
ac_cv_prog_cc_c89=
ac_cv_prog_cc_g=yes
ac_cv_prog_cxx_g=yes
ac_cv_search_dlopen=-ldl
ac_cv_search_gethostbyname='none required'
ac_cv_search_setsockopt='none required'
ac_cv_struct_icmp_exists=yes
ac_cv_struct_ip_exists=yes
am_cv_pathless_PYTHON=python2
am_cv_python_platform=linux2
am_cv_python_pyexecdir='${exec_prefix}/lib64/python2.7/site-packages'
am_cv_python_pythondir='${prefix}/lib/python2.7/site-packages'
am_cv_python_version=2.7

## ----------------- ##
## Output variables. ##
## ----------------- ##

AWK='gawk'
BUILDNDIFF='build-ndiff'
BUILDNPING='build-nping'
BUILDZENMAP='build-zenmap'
CC='gcc'
CFLAGS='-g -O2'
CPP='gcc -E'
CPPFLAGS='-I$(top_srcdir)/liblinear -I/usr/include/lua -I$(top_srcdir)/libdnet-stripped/include  -I$(top_srcdir)/libpcap -I$(top_srcdir)/nbase -I$(top_srcdir)/nsock/include'
CXX='g++'
CXXFLAGS='-g -O2 -Wall -fno-strict-aliasing'
DEFS='-DHAVE_CONFIG_H'
DNET_BUILD='build-dnet'
DNET_CLEAN='clean-dnet'
DNET_DIST_CLEAN='distclean-dnet'
ECHO_C=''
ECHO_N='-n'
ECHO_T=''
EGREP='/usr/bin/grep -E'
EXEEXT=''
GREP='/usr/bin/grep'
INSTALLNDIFF='install-ndiff'
INSTALLNPING='install-nping'
INSTALLNSE='install-nse'
INSTALLZENMAP='install-zenmap'
INSTALL_DATA='${INSTALL} -m 644'
INSTALL_PROGRAM='${INSTALL}'
INSTALL_SCRIPT='${INSTALL}'
LDFLAGS='-Wl,-E  -Lnbase -Lnsock/src/'
LIBDNETDIR='libdnet-stripped'
LIBDNET_LIBS='$(top_srcdir)/libdnet-stripped/src/.libs/libdnet.a'
LIBLINEARDIR='liblinear'
LIBLINEAR_BUILD='build-liblinear'
LIBLINEAR_CLEAN='clean-liblinear'
LIBLINEAR_DIST_CLEAN='distclean-liblinear'
LIBLINEAR_LIBS='$(top_srcdir)/liblinear/liblinear.a'
LIBLUADIR='liblua'
LIBLUA_LIBS='-llua'
LIBNBASE_LIBS='-lnbase'
LIBNSOCK_LIBS='-lnsock'
LIBOBJS=''
LIBPCAP_LIBS='$(LIBPCAPDIR)/libpcap.a'
LIBPCREDIR='libpcre'
LIBPCRE_LIBS='-lpcre'
LIBS='-lsvn_client-1 -ldl '
LTLIBOBJS=''
LUA_BUILD=''
LUA_CFLAGS='-DLUA_USE_POSIX -DLUA_USE_DLOPEN'
LUA_CLEAN=''
LUA_DIST_CLEAN=''
NBASEDIR='nbase'
NBASE_BUILD='build-nbase'
NCATDIR='ncat'
NCAT_BUILD='build-ncat'
NCAT_CHECK='check-ncat'
NCAT_CLEAN='clean-ncat'
NCAT_DIST_CLEAN='distclean-ncat'
NCAT_INSTALL='install-ncat'
NCAT_UNINSTALL='uninstall-ncat'
NDIFFDIR='ndiff'
NDIFF_CHECK='check-ndiff'
NDIFF_CLEAN='clean-ndiff'
NDIFF_DIST_CLEAN='distclean-ndiff'
NMAP_UPDATE_BUILD='build-nmap-update'
NMAP_UPDATE_CLEAN='clean-nmap-update'
NMAP_UPDATE_DIST_CLEAN='distclean-nmap-update'
NMAP_UPDATE_INSTALL='install-nmap-update'
NMAP_UPDATE_UNINSTALL='uninstall-nmap-update'
NPINGDIR='nping'
NPING_CLEAN='clean-nping'
NPING_DIST_CLEAN='distclean-nping'
NSE_CHECK='check-nse'
NSOCKDIR='nsock'
NSOCK_BUILD='build-nsock'
NSOCK_CHECK='check-nsock'
OBJEXT='o'
OPENSSL_LIBS='-lssl -lcrypto'
PACKAGE_BUGREPORT=''
PACKAGE_NAME=''
PACKAGE_STRING=''
PACKAGE_TARNAME=''
PACKAGE_URL=''
PACKAGE_VERSION=''
PATH_SEPARATOR=':'
PCAP_BUILD='build-pcap'
PCAP_CLEAN='clean-pcap'
PCAP_DIST_CLEAN='distclean-pcap'
PCRE_BUILD=''
PCRE_CLEAN=''
PCRE_DIST_CLEAN=''
PYTHON='/usr/bin/python2'
PYTHON_EXEC_PREFIX='${exec_prefix}'
PYTHON_PLATFORM='linux2'
PYTHON_PREFIX='${prefix}'
PYTHON_VERSION='2.7'
RANLIB='ranlib'
SHELL='/bin/sh'
STRIP='/usr/bin/strip'
UNINSTALLNDIFF='uninstall-ndiff'
UNINSTALLNPING='uninstall-nping'
UNINSTALLZENMAP='uninstall-zenmap'
USE_NLS='yes'
ZENMAPDIR='zenmap'
ZENMAP_CHECK='check-zenmap'
ZENMAP_CLEAN='clean-zenmap'
ZENMAP_DIST_CLEAN='distclean-zenmap'
ac_ct_CC='gcc'
ac_ct_CXX='g++'
bindir='${exec_prefix}/bin'
build='x86_64-unknown-linux-gnu'
build_alias=''
build_cpu='x86_64'
build_os='linux-gnu'
build_vendor='unknown'
datadir='${datarootdir}'
datarootdir='${prefix}/share'
docdir='${datarootdir}/doc/${PACKAGE}'
dvidir='${docdir}'
exec_prefix='${prefix}'
host='x86_64-unknown-linux-gnu'
host_alias=''
host_cpu='x86_64'
host_os='linux-gnu'
host_vendor='unknown'
htmldir='${docdir}'
includedir='${prefix}/include'
infodir='${datarootdir}/info'
libdir='${exec_prefix}/lib64'
libexecdir='${exec_prefix}/lib'
libpcapdir='libpcap'
localedir='${datarootdir}/locale'
localstatedir='${prefix}/var'
mandir='${datarootdir}/man'
oldincludedir='/usr/include'
pcredir='libpcre'
pdfdir='${docdir}'
pkgpyexecdir='${pyexecdir}/'
pkgpythondir='${pythondir}/'
prefix='/usr/local'
program_transform_name='s,x,x,'
psdir='${docdir}'
pyexecdir='${exec_prefix}/lib64/python2.7/site-packages'
pythondir='${prefix}/lib/python2.7/site-packages'
sbindir='${exec_prefix}/sbin'
sharedstatedir='${prefix}/com'
subdirs=' nping libpcap libdnet-stripped nbase nsock/src ncat nmap-update'
sysconfdir='${prefix}/etc'
target_alias=''

## ----------- ##
## confdefs.h. ##
## ----------- ##

/* confdefs.h */
#define PACKAGE_NAME ""
#define PACKAGE_TARNAME ""
#define PACKAGE_VERSION ""
#define PACKAGE_STRING ""
#define PACKAGE_BUGREPORT ""
#define PACKAGE_URL ""
#define LINUX 1
#define STDC_HEADERS 1
#define HAVE_SYS_TYPES_H 1
#define HAVE_SYS_STAT_H 1
#define HAVE_STDLIB_H 1
#define HAVE_STRING_H 1
#define HAVE_MEMORY_H 1
#define HAVE_STRINGS_H 1
#define HAVE_INTTYPES_H 1
#define HAVE_STDINT_H 1
#define HAVE_UNISTD_H 1
#define HAVE_PWD_H 1
#define HAVE_TERMIOS_H 1
#define HAVE_LINUX_RTNETLINK_H 1
#define HAVE_SYS_SOCKET_H 1
#define HAVE_NET_IF_H 1
#define HAVE_IPV6_IPPROTO_RAW 1
#define HAVE_OPENSSL 1
#define PCAP_INCLUDED 1
#define DNET_INCLUDED 1
#define HAVE_LUA_H 1
#define LIBLINEAR_INCLUDED 1
#define HAVE_STRUCT_ICMP 1
#define HAVE_STRUCT_IP 1
#define HAVE_IP_IP_SUM 1
#define HAVE_STRERROR 1
#define recvfrom6_t socklen_t
#define HAVE_LIBSVN_CLIENT_1 1

configure: exit 0
