This file contains any messages produced by compilers while
running configure, to aid debugging if configure makes a mistake.

It was created by configure, which was
generated by GNU Autoconf 2.69.  Invocation command line was

  $ ./configure --disable-option-checking --prefix=/usr/local --cache-file=/dev/null --srcdir=.

## --------- ##
## Platform. ##
## --------- ##

hostname = linux-cy9o.site
uname -m = x86_64
uname -r = 4.1.15-8-pv
uname -s = Linux
uname -v = #1 SMP Wed Jan 20 16:41:00 UTC 2016 (0e3b3ab)

/usr/bin/uname -p = x86_64
/bin/uname -X     = unknown

/bin/arch              = x86_64
/usr/bin/arch -k       = unknown
/usr/convex/getsysinfo = unknown
/usr/bin/hostinfo      = unknown
/bin/machine           = unknown
/usr/bin/oslevel       = unknown
/bin/universe          = unknown

PATH: /usr/local/sublime_text_3
PATH: /usr/local/VSCode-linux-x64
PATH: /usr/local/bin
PATH: /usr/bin
PATH: /sbin
PATH: /usr/sbin
PATH: /bin
PATH: /usr/bin/X11
PATH: /usr/games
PATH: /opt/kde3/bin
PATH: /usr/lib/mit/bin
PATH: /usr/lib/mit/sbin
PATH: /usr/lib/qt3/bin


## ----------- ##
## Core tests. ##
## ----------- ##

configure:1929: loading site script /usr/share/site/x86_64-unknown-linux-gnu
| #!/bin/sh
| # Site script for configure. It is resourced via $CONFIG_SITE environment varaible.
| 
| # If user did not specify libdir, guess the correct target:
| # Use lib64 for 64 bit bi-arch targets, keep the default for the rest.
| if test "$libdir" = '${exec_prefix}/lib' ; then
| 
| 	ac_config_site_64bit_host=NONE
| 
| 	case "$host" in
| 	"" )
| 		# User did not specify host target.
| 		# The native platform x86_64 is a bi-arch platform.
| 		# Try to detect cross-compilation to inferior architecture.
| 
| 		# We are trying to guess 32-bit target compilation. It's not as easy as
| 		# it sounds, as there is possible several intermediate combinations.
| 		ac_config_site_cross_to_32bit_host=NONE
| 
| 		# User defined -m32 in CFLAGS or CXXFLAGS or CC or CXX:
| 		# (It's sufficient for 32-bit, but alone may cause mis-behavior of some checks.)
| 		case "$CFLAGS $CXXFLAGS $CC $CXX" in
| 		*-m32*)
| 			ac_config_site_cross_to_32bit_host=YES
| 			;;
| 		esac
| 
| 		# Running with linux32:
| 		# (Changes detected platform, but not the toolchain target.)
| 		case "`/bin/uname -i`" in
| 		x86_64 | ppc64 | s390x )
| 			;;
| 		* )
| 			ac_config_site_cross_to_32bit_host=YES
| 			;;
| 		esac
| 
| 		if test "x$ac_config_site_cross_to_32bit_host" = xNONE; then
| 			ac_config_site_64bit_host=YES
| 		fi
| 
| 		;;
| 	*x86_64* | *ppc64* | *s390x* )
| 		ac_config_site_64bit_host=YES
| 		;;
| 	esac
| 
| 	if test "x$ac_config_site_64bit_host" = xYES; then
| 		libdir='${exec_prefix}/lib64'
| 	fi
| fi
| 
| # If user did not specify libexecdir, set the correct target:
| # Nor FHS nor openSUSE allow prefix/libexec. Let's default to prefix/lib.
| 
| if test "$libexecdir" = '${exec_prefix}/libexec' ; then
| 	libexecdir='${exec_prefix}/lib'
| fi
| 
| # Continue with the standard behavior of configure defined in AC_SITE_LOAD:
| if test "x$prefix" != xNONE; then
| 	ac_site_file1=$prefix/share/config.site
| 	ac_site_file2=$prefix/etc/config.site
| else
| 	ac_site_file1=$ac_default_prefix/share/config.site
| 	ac_site_file2=$ac_default_prefix/etc/config.site
| fi
| for ac_site_file in "$ac_site_file1" "$ac_site_file2"
| do
| 	test "x$ac_site_file" = xNONE && continue
| 	if test /dev/null != "$ac_site_file" && test -r "$ac_site_file"; then
| 		{ $as_echo "/usr/share/site/x86_64-unknown-linux-gnu:${as_lineno-$LINENO}: loading site script $ac_site_file" >&5
| $as_echo "/usr/share/site/x86_64-unknown-linux-gnu: loading site script $ac_site_file" >&6;}
| 		sed 's/^/| /' "$ac_site_file" >&5
| 		. "$ac_site_file" \
| 			|| { { $as_echo "/usr/share/site/x86_64-unknown-linux-gnu:${as_lineno-$LINENO}: error: in \`$ac_pwd':" >&5
| $as_echo "/usr/share/site/x86_64-unknown-linux-gnu: error: in \`$ac_pwd':" >&2;}
| as_fn_error $? "failed to load site script $ac_site_file
| See \`config.log' for more details" "$LINENO" 5; }
| 	fi
| done
configure:2092: checking for gcc
configure:2108: found /usr/bin/gcc
configure:2119: result: gcc
configure:2348: checking for C compiler version
configure:2357: gcc --version >&5
gcc (SUSE Linux) 4.8.5
Copyright (C) 2015 Free Software Foundation, Inc.
This is free software; see the source for copying conditions.  There is NO
warranty; not even for MERCHANTABILITY or FITNESS FOR A PARTICULAR PURPOSE.

configure:2368: $? = 0
configure:2357: gcc -v >&5
Using built-in specs.
COLLECT_GCC=gcc
COLLECT_LTO_WRAPPER=/usr/lib64/gcc/x86_64-suse-linux/4.8/lto-wrapper
Target: x86_64-suse-linux
Configured with: ../configure --prefix=/usr --infodir=/usr/share/info --mandir=/usr/share/man --libdir=/usr/lib64 --libexecdir=/usr/lib64 --enable-languages=c,c++,objc,fortran,obj-c++,java,ada --enable-checking=release --with-gxx-include-dir=/usr/include/c++/4.8 --enable-ssp --disable-libssp --disable-plugin --with-bugurl=http://bugs.opensuse.org/ --with-pkgversion='SUSE Linux' --disable-libgcj --disable-libmudflap --with-slibdir=/lib64 --with-system-zlib --enable-__cxa_atexit --enable-libstdcxx-allocator=new --disable-libstdcxx-pch --enable-version-specific-runtime-libs --enable-linker-build-id --enable-linux-futex --program-suffix=-4.8 --without-system-libunwind --with-arch-32=i586 --with-tune=generic --build=x86_64-suse-linux --host=x86_64-suse-linux
Thread model: posix
gcc version 4.8.5 (SUSE Linux) 
configure:2368: $? = 0
configure:2357: gcc -V >&5
gcc: error: unrecognized command line option '-V'
gcc: fatal error: no input files
compilation terminated.
configure:2368: $? = 1
configure:2357: gcc -qversion >&5
gcc: error: unrecognized command line option '-qversion'
gcc: fatal error: no input files
compilation terminated.
configure:2368: $? = 1
configure:2388: checking whether the C compiler works
configure:2410: gcc    conftest.c  >&5
configure:2414: $? = 0
configure:2462: result: yes
configure:2465: checking for C compiler default output file name
configure:2467: result: a.out
configure:2473: checking for suffix of executables
configure:2480: gcc -o conftest    conftest.c  >&5
configure:2484: $? = 0
configure:2506: result: 
configure:2528: checking whether we are cross compiling
configure:2536: gcc -o conftest    conftest.c  >&5
configure:2540: $? = 0
configure:2547: ./conftest
configure:2551: $? = 0
configure:2566: result: no
configure:2571: checking for suffix of object files
configure:2593: gcc -c   conftest.c >&5
configure:2597: $? = 0
configure:2618: result: o
configure:2622: checking whether we are using the GNU C compiler
configure:2641: gcc -c   conftest.c >&5
configure:2641: $? = 0
configure:2650: result: yes
configure:2659: checking whether gcc accepts -g
configure:2679: gcc -c -g  conftest.c >&5
configure:2679: $? = 0
configure:2720: result: yes
configure:2737: checking for gcc option to accept ISO C89
configure:2800: gcc  -c -g -O2  conftest.c >&5
configure:2800: $? = 0
configure:2813: result: none needed
configure:2876: checking for a BSD-compatible install
configure:2944: result: /usr/bin/install -c
configure:3001: checking for strip
configure:3019: found /usr/bin/strip
configure:3031: result: /usr/bin/strip
configure:3086: checking for APR
configure:3165: result: yes
configure:3197: checking for svn_client_create_context in -lsvn_client-1
configure:3222: gcc -o conftest -g -O2 -Wall -Wno-deprecated-declarations   -DLINUX -D_REENTRANT -D_GNU_SOURCE -I/usr/include/apr-1   conftest.c -lsvn_client-1   >&5
configure:3222: $? = 0
configure:3231: result: yes
configure:3241: checking for svn_handle_error2 in -lsvn_subr-1
configure:3266: gcc -o conftest -g -O2 -Wall -Wno-deprecated-declarations   -DLINUX -D_REENTRANT -D_GNU_SOURCE -I/usr/include/apr-1   conftest.c -lsvn_subr-1   >&5
configure:3266: $? = 0
configure:3275: result: yes
configure:3285: checking for apr_pool_destroy in -lapr-1
configure:3310: gcc -o conftest -g -O2 -Wall -Wno-deprecated-declarations   -DLINUX -D_REENTRANT -D_GNU_SOURCE -I/usr/include/apr-1   conftest.c -lapr-1   >&5
configure:3310: $? = 0
configure:3319: result: yes
configure:3337: checking how to run the C preprocessor
configure:3368: gcc -E   -DLINUX -D_REENTRANT -D_GNU_SOURCE -I/usr/include/apr-1  conftest.c
configure:3368: $? = 0
configure:3382: gcc -E   -DLINUX -D_REENTRANT -D_GNU_SOURCE -I/usr/include/apr-1  conftest.c
conftest.c:9:28: fatal error: ac_nonexistent.h: No such file or directory
 #include <ac_nonexistent.h>
                            ^
compilation terminated.
configure:3382: $? = 1
configure: failed program was:
| /* confdefs.h */
| #define PACKAGE_NAME ""
| #define PACKAGE_TARNAME ""
| #define PACKAGE_VERSION ""
| #define PACKAGE_STRING ""
| #define PACKAGE_BUGREPORT ""
| #define PACKAGE_URL ""
| /* end confdefs.h.  */
| #include <ac_nonexistent.h>
configure:3407: result: gcc -E
configure:3427: gcc -E   -DLINUX -D_REENTRANT -D_GNU_SOURCE -I/usr/include/apr-1  conftest.c
configure:3427: $? = 0
configure:3441: gcc -E   -DLINUX -D_REENTRANT -D_GNU_SOURCE -I/usr/include/apr-1  conftest.c
conftest.c:9:28: fatal error: ac_nonexistent.h: No such file or directory
 #include <ac_nonexistent.h>
                            ^
compilation terminated.
configure:3441: $? = 1
configure: failed program was:
| /* confdefs.h */
| #define PACKAGE_NAME ""
| #define PACKAGE_TARNAME ""
| #define PACKAGE_VERSION ""
| #define PACKAGE_STRING ""
| #define PACKAGE_BUGREPORT ""
| #define PACKAGE_URL ""
| /* end confdefs.h.  */
| #include <ac_nonexistent.h>
configure:3470: checking for grep that handles long lines and -e
configure:3528: result: /usr/bin/grep
configure:3533: checking for egrep
configure:3595: result: /usr/bin/grep -E
configure:3600: checking for ANSI C header files
configure:3620: gcc -c -g -O2 -Wall -Wno-deprecated-declarations   -DLINUX -D_REENTRANT -D_GNU_SOURCE -I/usr/include/apr-1  conftest.c >&5
configure:3620: $? = 0
configure:3693: gcc -o conftest -g -O2 -Wall -Wno-deprecated-declarations   -DLINUX -D_REENTRANT -D_GNU_SOURCE -I/usr/include/apr-1   conftest.c  >&5
configure:3693: $? = 0
configure:3693: ./conftest
configure:3693: $? = 0
configure:3704: result: yes
configure:3717: checking for sys/types.h
configure:3717: gcc -c -g -O2 -Wall -Wno-deprecated-declarations   -DLINUX -D_REENTRANT -D_GNU_SOURCE -I/usr/include/apr-1  conftest.c >&5
configure:3717: $? = 0
configure:3717: result: yes
configure:3717: checking for sys/stat.h
configure:3717: gcc -c -g -O2 -Wall -Wno-deprecated-declarations   -DLINUX -D_REENTRANT -D_GNU_SOURCE -I/usr/include/apr-1  conftest.c >&5
configure:3717: $? = 0
configure:3717: result: yes
configure:3717: checking for stdlib.h
configure:3717: gcc -c -g -O2 -Wall -Wno-deprecated-declarations   -DLINUX -D_REENTRANT -D_GNU_SOURCE -I/usr/include/apr-1  conftest.c >&5
configure:3717: $? = 0
configure:3717: result: yes
configure:3717: checking for string.h
configure:3717: gcc -c -g -O2 -Wall -Wno-deprecated-declarations   -DLINUX -D_REENTRANT -D_GNU_SOURCE -I/usr/include/apr-1  conftest.c >&5
configure:3717: $? = 0
configure:3717: result: yes
configure:3717: checking for memory.h
configure:3717: gcc -c -g -O2 -Wall -Wno-deprecated-declarations   -DLINUX -D_REENTRANT -D_GNU_SOURCE -I/usr/include/apr-1  conftest.c >&5
configure:3717: $? = 0
configure:3717: result: yes
configure:3717: checking for strings.h
configure:3717: gcc -c -g -O2 -Wall -Wno-deprecated-declarations   -DLINUX -D_REENTRANT -D_GNU_SOURCE -I/usr/include/apr-1  conftest.c >&5
configure:3717: $? = 0
configure:3717: result: yes
configure:3717: checking for inttypes.h
configure:3717: gcc -c -g -O2 -Wall -Wno-deprecated-declarations   -DLINUX -D_REENTRANT -D_GNU_SOURCE -I/usr/include/apr-1  conftest.c >&5
configure:3717: $? = 0
configure:3717: result: yes
configure:3717: checking for stdint.h
configure:3717: gcc -c -g -O2 -Wall -Wno-deprecated-declarations   -DLINUX -D_REENTRANT -D_GNU_SOURCE -I/usr/include/apr-1  conftest.c >&5
configure:3717: $? = 0
configure:3717: result: yes
configure:3717: checking for unistd.h
configure:3717: gcc -c -g -O2 -Wall -Wno-deprecated-declarations   -DLINUX -D_REENTRANT -D_GNU_SOURCE -I/usr/include/apr-1  conftest.c >&5
configure:3717: $? = 0
configure:3717: result: yes
configure:3732: checking svn_client.h usability
configure:3732: gcc -c -g -O2 -Wall -Wno-deprecated-declarations   -DLINUX -D_REENTRANT -D_GNU_SOURCE -I/usr/include/apr-1  conftest.c >&5
conftest.c:52:24: fatal error: svn_client.h: No such file or directory
 #include <svn_client.h>
                        ^
compilation terminated.
configure:3732: $? = 1
configure: failed program was:
| /* confdefs.h */
| #define PACKAGE_NAME ""
| #define PACKAGE_TARNAME ""
| #define PACKAGE_VERSION ""
| #define PACKAGE_STRING ""
| #define PACKAGE_BUGREPORT ""
| #define PACKAGE_URL ""
| #define STDC_HEADERS 1
| #define HAVE_SYS_TYPES_H 1
| #define HAVE_SYS_STAT_H 1
| #define HAVE_STDLIB_H 1
| #define HAVE_STRING_H 1
| #define HAVE_MEMORY_H 1
| #define HAVE_STRINGS_H 1
| #define HAVE_INTTYPES_H 1
| #define HAVE_STDINT_H 1
| #define HAVE_UNISTD_H 1
| /* end confdefs.h.  */
| #include <stdio.h>
| #ifdef HAVE_SYS_TYPES_H
| # include <sys/types.h>
| #endif
| #ifdef HAVE_SYS_STAT_H
| # include <sys/stat.h>
| #endif
| #ifdef STDC_HEADERS
| # include <stdlib.h>
| # include <stddef.h>
| #else
| # ifdef HAVE_STDLIB_H
| #  include <stdlib.h>
| # endif
| #endif
| #ifdef HAVE_STRING_H
| # if !defined STDC_HEADERS && defined HAVE_MEMORY_H
| #  include <memory.h>
| # endif
| # include <string.h>
| #endif
| #ifdef HAVE_STRINGS_H
| # include <strings.h>
| #endif
| #ifdef HAVE_INTTYPES_H
| # include <inttypes.h>
| #endif
| #ifdef HAVE_STDINT_H
| # include <stdint.h>
| #endif
| #ifdef HAVE_UNISTD_H
| # include <unistd.h>
| #endif
| #include <svn_client.h>
configure:3732: result: no
configure:3732: checking svn_client.h presence
configure:3732: gcc -E   -DLINUX -D_REENTRANT -D_GNU_SOURCE -I/usr/include/apr-1  conftest.c
conftest.c:19:24: fatal error: svn_client.h: No such file or directory
 #include <svn_client.h>
                        ^
compilation terminated.
configure:3732: $? = 1
configure: failed program was:
| /* confdefs.h */
| #define PACKAGE_NAME ""
| #define PACKAGE_TARNAME ""
| #define PACKAGE_VERSION ""
| #define PACKAGE_STRING ""
| #define PACKAGE_BUGREPORT ""
| #define PACKAGE_URL ""
| #define STDC_HEADERS 1
| #define HAVE_SYS_TYPES_H 1
| #define HAVE_SYS_STAT_H 1
| #define HAVE_STDLIB_H 1
| #define HAVE_STRING_H 1
| #define HAVE_MEMORY_H 1
| #define HAVE_STRINGS_H 1
| #define HAVE_INTTYPES_H 1
| #define HAVE_STDINT_H 1
| #define HAVE_UNISTD_H 1
| /* end confdefs.h.  */
| #include <svn_client.h>
configure:3732: result: no
configure:3732: checking for svn_client.h
configure:3732: result: no
configure:3732: checking subversion-1/svn_client.h usability
configure:3732: gcc -c -g -O2 -Wall -Wno-deprecated-declarations   -DLINUX -D_REENTRANT -D_GNU_SOURCE -I/usr/include/apr-1  conftest.c >&5
configure:3732: $? = 0
configure:3732: result: yes
configure:3732: checking subversion-1/svn_client.h presence
configure:3732: gcc -E   -DLINUX -D_REENTRANT -D_GNU_SOURCE -I/usr/include/apr-1  conftest.c
configure:3732: $? = 0
configure:3732: result: yes
configure:3732: checking for subversion-1/svn_client.h
configure:3732: result: yes
configure:3865: creating ./config.status

## ---------------------- ##
## Running config.status. ##
## ---------------------- ##

This file was extended by config.status, which was
generated by GNU Autoconf 2.69.  Invocation command line was

  CONFIG_FILES    = 
  CONFIG_HEADERS  = 
  CONFIG_LINKS    = 
  CONFIG_COMMANDS = 
  $ ./config.status 

on linux-cy9o.site

config.status:805: creating Makefile
config.status:805: creating config.h

## ---------------- ##
## Cache variables. ##
## ---------------- ##

ac_cv_c_compiler_gnu=yes
ac_cv_env_CC_set=
ac_cv_env_CC_value=
ac_cv_env_CFLAGS_set=
ac_cv_env_CFLAGS_value=
ac_cv_env_CPPFLAGS_set=
ac_cv_env_CPPFLAGS_value=
ac_cv_env_CPP_set=
ac_cv_env_CPP_value=
ac_cv_env_LDFLAGS_set=
ac_cv_env_LDFLAGS_value=
ac_cv_env_LIBS_set=
ac_cv_env_LIBS_value=
ac_cv_env_build_alias_set=
ac_cv_env_build_alias_value=
ac_cv_env_host_alias_set=
ac_cv_env_host_alias_value=
ac_cv_env_target_alias_set=
ac_cv_env_target_alias_value=
ac_cv_header_inttypes_h=yes
ac_cv_header_memory_h=yes
ac_cv_header_stdc=yes
ac_cv_header_stdint_h=yes
ac_cv_header_stdlib_h=yes
ac_cv_header_string_h=yes
ac_cv_header_strings_h=yes
ac_cv_header_subversion_1_svn_client_h=yes
ac_cv_header_svn_client_h=no
ac_cv_header_sys_stat_h=yes
ac_cv_header_sys_types_h=yes
ac_cv_header_unistd_h=yes
ac_cv_lib_apr_1_apr_pool_destroy=yes
ac_cv_lib_svn_client_1_svn_client_create_context=yes
ac_cv_lib_svn_subr_1_svn_handle_error2=yes
ac_cv_objext=o
ac_cv_path_EGREP='/usr/bin/grep -E'
ac_cv_path_GREP=/usr/bin/grep
ac_cv_path_ac_pt_STRIP=/usr/bin/strip
ac_cv_path_install='/usr/bin/install -c'
ac_cv_prog_CPP='gcc -E'
ac_cv_prog_ac_ct_CC=gcc
ac_cv_prog_cc_c89=
ac_cv_prog_cc_g=yes

## ----------------- ##
## Output variables. ##
## ----------------- ##

APR_LIBS=' -L/usr/lib64 -lapr-1'
CC='gcc'
CFLAGS='-g -O2 -Wall -Wno-deprecated-declarations'
CPP='gcc -E'
CPPFLAGS='  -DLINUX -D_REENTRANT -D_GNU_SOURCE -I/usr/include/apr-1 '
DEFS='-DHAVE_CONFIG_H'
ECHO_C=''
ECHO_N='-n'
ECHO_T=''
EGREP='/usr/bin/grep -E'
EXEEXT=''
GREP='/usr/bin/grep'
INSTALL_DATA='${INSTALL} -m 644'
INSTALL_PROGRAM='${INSTALL}'
INSTALL_SCRIPT='${INSTALL}'
LDFLAGS=''
LIBOBJS=''
LIBS=''
LTLIBOBJS=''
OBJEXT='o'
PACKAGE_BUGREPORT=''
PACKAGE_NAME=''
PACKAGE_STRING=''
PACKAGE_TARNAME=''
PACKAGE_URL=''
PACKAGE_VERSION=''
PATH_SEPARATOR=':'
SHELL='/bin/sh'
STRIP='/usr/bin/strip'
SVN_LIBS=' -lsvn_client-1 -lsvn_subr-1 -lapr-1'
ac_ct_CC='gcc'
bindir='${exec_prefix}/bin'
build_alias=''
datadir='${datarootdir}'
datarootdir='${prefix}/share'
docdir='${datarootdir}/doc/${PACKAGE}'
dvidir='${docdir}'
exec_prefix='${prefix}'
host_alias=''
htmldir='${docdir}'
includedir='${prefix}/include'
infodir='${datarootdir}/info'
libdir='${exec_prefix}/lib64'
libexecdir='${exec_prefix}/lib'
localedir='${datarootdir}/locale'
localstatedir='${prefix}/var'
mandir='${datarootdir}/man'
oldincludedir='/usr/include'
pdfdir='${docdir}'
prefix='/usr/local'
program_transform_name='s,x,x,'
psdir='${docdir}'
sbindir='${exec_prefix}/sbin'
sharedstatedir='${prefix}/com'
sysconfdir='${prefix}/etc'
target_alias=''

## ----------- ##
## confdefs.h. ##
## ----------- ##

/* confdefs.h */
#define PACKAGE_NAME ""
#define PACKAGE_TARNAME ""
#define PACKAGE_VERSION ""
#define PACKAGE_STRING ""
#define PACKAGE_BUGREPORT ""
#define PACKAGE_URL ""
#define STDC_HEADERS 1
#define HAVE_SYS_TYPES_H 1
#define HAVE_SYS_STAT_H 1
#define HAVE_STDLIB_H 1
#define HAVE_STRING_H 1
#define HAVE_MEMORY_H 1
#define HAVE_STRINGS_H 1
#define HAVE_INTTYPES_H 1
#define HAVE_STDINT_H 1
#define HAVE_UNISTD_H 1
#define HAVE_SUBVERSION_1_SVN_CLIENT_H 1

configure: exit 0
